TN:
SF:src/App.tsx
FN:66,(anonymous_0)
FN:71,(anonymous_1)
FN:75,(anonymous_2)
FN:79,(anonymous_3)
FN:104,App
FN:123,(anonymous_5)
FN:127,(anonymous_6)
FN:155,(anonymous_7)
FN:176,(anonymous_8)
FN:198,(anonymous_9)
FN:220,(anonymous_10)
FN:242,(anonymous_11)
FN:282,(anonymous_12)
FN:315,(anonymous_13)
FN:323,(anonymous_14)
FN:383,(anonymous_15)
FNF:16
FNH:5
FNDA:3,(anonymous_0)
FNDA:0,(anonymous_1)
FNDA:0,(anonymous_2)
FNDA:3,(anonymous_3)
FNDA:3,App
FNDA:3,(anonymous_5)
FNDA:0,(anonymous_6)
FNDA:0,(anonymous_7)
FNDA:0,(anonymous_8)
FNDA:0,(anonymous_9)
FNDA:0,(anonymous_10)
FNDA:0,(anonymous_11)
FNDA:0,(anonymous_12)
FNDA:0,(anonymous_13)
FNDA:0,(anonymous_14)
FNDA:3,(anonymous_15)
DA:67,3
DA:68,3
DA:72,0
DA:76,0
DA:80,3
DA:81,0
DA:100,3
DA:105,3
DA:106,3
DA:107,3
DA:108,3
DA:109,3
DA:110,3
DA:111,3
DA:112,3
DA:113,3
DA:114,3
DA:115,3
DA:116,3
DA:117,3
DA:118,3
DA:119,3
DA:120,3
DA:123,3
DA:124,3
DA:127,3
DA:128,0
DA:129,0
DA:130,0
DA:131,0
DA:132,0
DA:133,0
DA:134,0
DA:135,0
DA:136,0
DA:138,0
DA:139,0
DA:140,0
DA:141,0
DA:144,0
DA:146,0
DA:147,0
DA:148,0
DA:149,0
DA:151,0
DA:155,3
DA:156,0
DA:157,0
DA:159,0
DA:160,0
DA:165,0
DA:166,0
DA:168,0
DA:169,0
DA:170,0
DA:172,0
DA:176,3
DA:177,0
DA:178,0
DA:179,0
DA:182,0
DA:183,0
DA:185,0
DA:186,0
DA:187,0
DA:188,0
DA:190,0
DA:191,0
DA:192,0
DA:194,0
DA:198,3
DA:199,0
DA:200,0
DA:201,0
DA:204,0
DA:205,0
DA:207,0
DA:208,0
DA:209,0
DA:210,0
DA:212,0
DA:213,0
DA:214,0
DA:216,0
DA:220,3
DA:221,0
DA:222,0
DA:223,0
DA:226,0
DA:227,0
DA:229,0
DA:230,0
DA:231,0
DA:232,0
DA:234,0
DA:235,0
DA:236,0
DA:238,0
DA:242,3
DA:243,0
DA:244,0
DA:245,0
DA:248,0
DA:249,0
DA:251,0
DA:252,0
DA:255,0
DA:256,0
DA:258,0
DA:262,0
DA:265,0
DA:266,0
DA:267,0
DA:269,0
DA:272,0
DA:274,0
DA:275,0
DA:276,0
DA:278,0
DA:282,3
DA:283,0
DA:284,0
DA:285,0
DA:288,0
DA:289,0
DA:291,0
DA:292,0
DA:295,0
DA:298,0
DA:301,0
DA:302,0
DA:303,0
DA:305,0
DA:307,0
DA:308,0
DA:309,0
DA:311,0
DA:315,3
DA:316,0
DA:317,0
DA:318,0
DA:320,0
DA:323,3
DA:324,0
DA:325,0
DA:328,3
DA:383,3
LF:147
LH:33
BRDA:80,0,0,0
BRDA:80,0,1,3
BRDA:90,1,0,0
BRDA:90,1,1,0
BRDA:124,2,0,3
BRDA:124,2,1,3
BRDA:124,2,2,3
BRDA:124,2,3,3
BRDA:124,2,4,3
BRDA:146,3,0,0
BRDA:146,3,1,0
BRDA:146,3,2,0
BRDA:168,4,0,0
BRDA:168,4,1,0
BRDA:168,4,2,0
BRDA:177,5,0,0
BRDA:177,5,1,0
BRDA:190,6,0,0
BRDA:190,6,1,0
BRDA:190,6,2,0
BRDA:199,7,0,0
BRDA:199,7,1,0
BRDA:212,8,0,0
BRDA:212,8,1,0
BRDA:212,8,2,0
BRDA:221,9,0,0
BRDA:221,9,1,0
BRDA:234,10,0,0
BRDA:234,10,1,0
BRDA:234,10,2,0
BRDA:243,11,0,0
BRDA:243,11,1,0
BRDA:255,12,0,0
BRDA:255,12,1,0
BRDA:269,13,0,0
BRDA:269,13,1,0
BRDA:274,14,0,0
BRDA:274,14,1,0
BRDA:274,14,2,0
BRDA:283,15,0,0
BRDA:283,15,1,0
BRDA:307,16,0,0
BRDA:307,16,1,0
BRDA:307,16,2,0
BRDA:316,17,0,0
BRDA:316,17,1,0
BRDA:401,18,0,3
BRDA:401,18,1,0
BRDA:418,19,0,3
BRDA:418,19,1,0
BRDA:479,20,0,3
BRDA:479,20,1,0
BRDA:557,21,0,3
BRDA:557,21,1,0
BRDA:685,22,0,3
BRDA:685,22,1,3
BRF:56
BRH:12
end_of_record
TN:
SF:src/index.tsx
FNF:0
FNH:0
DA:8,0
DA:20,0
DA:24,0
LF:3
LH:0
BRF:0
BRH:0
end_of_record
TN:
SF:src/components/CostCalculator.tsx
FN:27,(anonymous_0)
FN:39,(anonymous_1)
FN:40,(anonymous_2)
FN:46,(anonymous_3)
FN:72,(anonymous_4)
FN:83,(anonymous_5)
FN:94,(anonymous_6)
FNF:7
FNH:6
FNDA:20,(anonymous_0)
FNDA:12,(anonymous_1)
FNDA:12,(anonymous_2)
FNDA:1,(anonymous_3)
FNDA:6,(anonymous_4)
FNDA:6,(anonymous_5)
FNDA:0,(anonymous_6)
DA:27,2
DA:33,20
DA:39,20
DA:40,12
DA:46,20
DA:47,1
DA:48,1
DA:51,20
DA:72,6
DA:83,6
DA:94,0
LF:11
LH:10
BRDA:30,0,0,0
BRDA:31,1,0,0
BRDA:58,2,0,20
BRDA:58,2,1,1
BRDA:110,3,0,2
BRDA:110,3,1,18
BRDA:116,4,0,20
BRDA:116,4,1,1
BRF:8
BRH:6
end_of_record
TN:
SF:src/components/ElectroplatingCalculator.tsx
FN:67,(anonymous_0)
FN:88,(anonymous_1)
FN:89,(anonymous_2)
FN:95,(anonymous_3)
FN:100,(anonymous_4)
FN:108,(anonymous_5)
FN:113,(anonymous_6)
FN:118,(anonymous_7)
FN:122,(anonymous_8)
FN:126,(anonymous_9)
FN:135,(anonymous_10)
FN:144,(anonymous_11)
FN:148,(anonymous_12)
FN:155,(anonymous_13)
FN:176,(anonymous_14)
FN:253,(anonymous_15)
FN:264,(anonymous_16)
FN:275,(anonymous_17)
FN:286,(anonymous_18)
FN:297,(anonymous_19)
FN:308,(anonymous_20)
FN:331,(anonymous_21)
FN:666,(anonymous_22)
FNF:23
FNH:0
FNDA:0,(anonymous_0)
FNDA:0,(anonymous_1)
FNDA:0,(anonymous_2)
FNDA:0,(anonymous_3)
FNDA:0,(anonymous_4)
FNDA:0,(anonymous_5)
FNDA:0,(anonymous_6)
FNDA:0,(anonymous_7)
FNDA:0,(anonymous_8)
FNDA:0,(anonymous_9)
FNDA:0,(anonymous_10)
FNDA:0,(anonymous_11)
FNDA:0,(anonymous_12)
FNDA:0,(anonymous_13)
FNDA:0,(anonymous_14)
FNDA:0,(anonymous_15)
FNDA:0,(anonymous_16)
FNDA:0,(anonymous_17)
FNDA:0,(anonymous_18)
FNDA:0,(anonymous_19)
FNDA:0,(anonymous_20)
FNDA:0,(anonymous_21)
FNDA:0,(anonymous_22)
DA:59,1
DA:67,1
DA:76,0
DA:77,0
DA:79,0
DA:88,0
DA:89,0
DA:95,0
DA:96,0
DA:97,0
DA:100,0
DA:108,0
DA:109,0
DA:110,0
DA:113,0
DA:114,0
DA:118,0
DA:119,0
DA:122,0
DA:123,0
DA:126,0
DA:127,0
DA:128,0
DA:130,0
DA:131,0
DA:135,0
DA:136,0
DA:137,0
DA:139,0
DA:140,0
DA:144,0
DA:145,0
DA:148,0
DA:149,0
DA:155,0
DA:156,0
DA:157,0
DA:158,0
DA:159,0
DA:161,0
DA:164,0
DA:176,0
DA:253,0
DA:264,0
DA:275,0
DA:286,0
DA:297,0
DA:308,0
DA:331,0
DA:667,0
LF:50
LH:2
BRDA:72,0,0,0
BRDA:73,1,0,0
BRDA:74,2,0,0
BRDA:119,3,0,0
BRDA:119,3,1,0
BRDA:123,4,0,0
BRDA:123,4,1,0
BRDA:127,5,0,0
BRDA:127,5,1,0
BRDA:136,6,0,0
BRDA:136,6,1,0
BRDA:148,7,0,0
BRDA:158,8,0,0
BRDA:158,8,1,0
BRDA:176,9,0,0
BRDA:176,9,1,0
BRDA:203,10,0,0
BRDA:203,10,1,0
BRDA:223,11,0,0
BRDA:223,11,1,0
BRDA:229,12,0,0
BRDA:229,12,1,0
BRDA:239,13,0,0
BRDA:239,13,1,0
BRDA:322,14,0,0
BRDA:322,14,1,0
BRDA:355,15,0,0
BRDA:355,15,1,0
BRDA:375,16,0,0
BRDA:375,16,1,0
BRDA:431,17,0,0
BRDA:431,17,1,0
BRDA:504,18,0,0
BRDA:504,18,1,0
BRDA:594,19,0,0
BRDA:594,19,1,0
BRDA:604,20,0,0
BRDA:604,20,1,0
BRDA:616,21,0,0
BRDA:616,21,1,0
BRF:40
BRH:0
end_of_record
TN:
SF:src/components/FileUpload.tsx
FN:25,(anonymous_0)
FN:31,(anonymous_1)
FNF:2
FNH:1
FNDA:11,(anonymous_0)
FNDA:0,(anonymous_1)
DA:25,2
DA:30,11
DA:32,0
DA:33,0
DA:39,11
DA:48,11
LF:6
LH:4
BRDA:27,0,0,0
BRDA:28,1,0,3
BRDA:32,2,0,0
BRDA:32,2,1,0
BRDA:50,3,0,11
BRDA:50,3,1,1
BRDA:69,4,0,1
BRDA:69,4,1,10
BRDA:71,5,0,0
BRDA:71,5,1,10
BRDA:76,6,0,1
BRDA:76,6,1,10
BRDA:77,7,0,1
BRDA:77,7,1,10
BRDA:79,8,0,0
BRDA:79,8,1,10
BRDA:83,9,0,0
BRDA:83,9,1,11
BRDA:84,10,0,0
BRDA:84,10,1,11
BRDA:87,11,0,1
BRDA:87,11,1,10
BRDA:97,12,0,1
BRDA:97,12,1,10
BRDA:151,13,0,0
BRDA:151,13,1,10
BRF:26
BRH:18
end_of_record
TN:
SF:src/components/MeshStats.tsx
FN:35,(anonymous_0)
FN:65,(anonymous_1)
FN:72,(anonymous_2)
FN:79,(anonymous_3)
FN:224,(anonymous_4)
FN:237,(anonymous_5)
FNF:6
FNH:0
FNDA:0,(anonymous_0)
FNDA:0,(anonymous_1)
FNDA:0,(anonymous_2)
FNDA:0,(anonymous_3)
FNDA:0,(anonymous_4)
FNDA:0,(anonymous_5)
DA:35,1
DA:43,0
DA:44,0
DA:53,0
DA:54,0
DA:61,0
DA:62,0
DA:65,0
DA:66,0
DA:72,0
DA:73,0
DA:74,0
DA:76,0
DA:79,0
DA:80,0
DA:81,0
DA:83,0
DA:86,0
DA:225,0
DA:238,0
LF:20
LH:1
BRDA:39,0,0,0
BRDA:40,1,0,0
BRDA:43,2,0,0
BRDA:43,2,1,0
BRDA:53,3,0,0
BRDA:53,3,1,0
BRDA:61,4,0,0
BRDA:61,4,1,0
BRDA:65,5,0,0
BRDA:73,6,0,0
BRDA:73,6,1,0
BRDA:80,7,0,0
BRDA:80,7,1,0
BRDA:95,8,0,0
BRDA:95,8,1,0
BRDA:207,9,0,0
BRDA:207,9,1,0
BRDA:210,10,0,0
BRDA:210,10,1,0
BRDA:218,11,0,0
BRDA:218,11,1,0
BRDA:231,12,0,0
BRDA:231,12,1,0
BRDA:244,13,0,0
BRDA:244,13,1,0
BRDA:255,14,0,0
BRDA:255,14,1,0
BRF:27
BRH:0
end_of_record
TN:
SF:src/components/STLViewer.tsx
FN:15,(anonymous_0)
FN:23,(anonymous_1)
FN:73,(anonymous_2)
FN:81,(anonymous_3)
FN:89,(anonymous_4)
FN:101,(anonymous_5)
FNF:6
FNH:0
FNDA:0,(anonymous_0)
FNDA:0,(anonymous_1)
FNDA:0,(anonymous_2)
FNDA:0,(anonymous_3)
FNDA:0,(anonymous_4)
FNDA:0,(anonymous_5)
DA:15,0
DA:16,0
DA:17,0
DA:18,0
DA:19,0
DA:20,0
DA:21,0
DA:23,0
DA:24,0
DA:27,0
DA:28,0
DA:29,0
DA:32,0
DA:33,0
DA:36,0
DA:37,0
DA:38,0
DA:39,0
DA:40,0
DA:41,0
DA:44,0
DA:45,0
DA:46,0
DA:47,0
DA:50,0
DA:51,0
DA:53,0
DA:54,0
DA:55,0
DA:56,0
DA:58,0
DA:59,0
DA:60,0
DA:63,0
DA:64,0
DA:67,0
DA:68,0
DA:70,0
DA:73,0
DA:74,0
DA:75,0
DA:76,0
DA:78,0
DA:81,0
DA:82,0
DA:83,0
DA:85,0
DA:89,0
DA:90,0
DA:92,0
DA:93,0
DA:96,0
DA:97,0
DA:98,0
DA:101,0
DA:102,0
DA:103,0
DA:105,0
DA:106,0
DA:109,0
DA:110,0
DA:111,0
DA:112,0
DA:115,0
DA:116,0
DA:117,0
DA:118,0
DA:119,0
DA:122,0
DA:125,0
DA:133,0
DA:134,0
DA:135,0
DA:136,0
DA:138,0
DA:141,0
DA:142,0
DA:143,0
DA:144,0
DA:145,0
DA:148,0
DA:150,0
DA:151,0
DA:152,0
DA:156,0
DA:159,0
LF:86
LH:0
BRDA:15,0,0,0
BRDA:15,1,0,0
BRDA:24,2,0,0
BRDA:24,2,1,0
BRDA:82,3,0,0
BRDA:82,3,1,0
BRDA:82,4,0,0
BRDA:82,4,1,0
BRDA:90,5,0,0
BRDA:90,5,1,0
BRDA:90,6,0,0
BRDA:90,6,1,0
BRDA:97,7,0,0
BRDA:97,7,1,0
BRDA:141,8,0,0
BRDA:141,8,1,0
BRDA:141,9,0,0
BRDA:141,9,1,0
BRDA:174,10,0,0
BRDA:174,10,1,0
BRDA:188,11,0,0
BRDA:188,11,1,0
BRF:22
BRH:0
end_of_record
TN:
SF:src/components/ScaleControls.tsx
FN:36,(anonymous_0)
FN:50,(anonymous_1)
FN:54,(anonymous_2)
FN:68,(anonymous_3)
FN:80,(anonymous_4)
FN:90,(anonymous_5)
FN:122,(anonymous_6)
FN:126,(anonymous_7)
FN:140,(anonymous_8)
FN:154,(anonymous_9)
FN:171,(anonymous_10)
FN:183,(anonymous_11)
FN:194,(anonymous_12)
FN:203,(anonymous_13)
FN:214,(anonymous_14)
FN:223,(anonymous_15)
FN:234,(anonymous_16)
FNF:17
FNH:0
FNDA:0,(anonymous_0)
FNDA:0,(anonymous_1)
FNDA:0,(anonymous_2)
FNDA:0,(anonymous_3)
FNDA:0,(anonymous_4)
FNDA:0,(anonymous_5)
FNDA:0,(anonymous_6)
FNDA:0,(anonymous_7)
FNDA:0,(anonymous_8)
FNDA:0,(anonymous_9)
FNDA:0,(anonymous_10)
FNDA:0,(anonymous_11)
FNDA:0,(anonymous_12)
FNDA:0,(anonymous_13)
FNDA:0,(anonymous_14)
FNDA:0,(anonymous_15)
FNDA:0,(anonymous_16)
DA:36,1
DA:44,0
DA:45,0
DA:46,0
DA:47,0
DA:48,0
DA:50,0
DA:51,0
DA:54,0
DA:55,0
DA:57,0
DA:58,0
DA:60,0
DA:61,0
DA:63,0
DA:64,0
DA:68,0
DA:71,0
DA:72,0
DA:74,0
DA:77,0
DA:80,0
DA:81,0
DA:82,0
DA:84,0
DA:85,0
DA:86,0
DA:87,0
DA:90,0
DA:91,0
DA:92,0
DA:96,0
DA:104,0
DA:123,0
DA:126,0
DA:140,0
DA:154,0
DA:171,0
DA:183,0
DA:194,0
DA:203,0
DA:214,0
DA:223,0
DA:234,0
LF:44
LH:1
BRDA:39,0,0,0
BRDA:40,1,0,0
BRDA:41,2,0,0
BRDA:55,3,0,0
BRDA:55,3,1,0
BRDA:55,3,2,0
BRDA:71,4,0,0
BRDA:71,4,1,0
BRDA:81,5,0,0
BRDA:81,5,1,0
BRDA:91,6,0,0
BRDA:91,6,1,0
BRDA:111,7,0,0
BRDA:111,7,1,0
BRDA:127,8,0,0
BRDA:127,8,1,0
BRDA:128,9,0,0
BRDA:128,9,1,0
BRDA:147,10,0,0
BRDA:147,10,1,0
BRDA:171,11,0,0
BRDA:171,11,1,0
BRDA:194,12,0,0
BRDA:194,12,1,0
BRDA:214,13,0,0
BRDA:214,13,1,0
BRDA:234,14,0,0
BRDA:234,14,1,0
BRDA:254,15,0,0
BRDA:254,15,1,0
BRF:30
BRH:0
end_of_record
TN:
SF:src/services/api.ts
FN:29,(anonymous_0)
FN:42,(anonymous_1)
FN:47,(anonymous_2)
FN:52,(anonymous_3)
FN:57,(anonymous_4)
FN:62,(anonymous_5)
FN:67,(anonymous_6)
FN:74,(anonymous_7)
FN:79,(anonymous_8)
FN:90,(anonymous_9)
FN:101,(anonymous_10)
FN:108,(anonymous_11)
FN:119,(anonymous_12)
FN:133,(anonymous_13)
FN:138,(anonymous_14)
FN:143,(anonymous_15)
FN:154,(anonymous_16)
FNF:17
FNH:0
FNDA:0,(anonymous_0)
FNDA:0,(anonymous_1)
FNDA:0,(anonymous_2)
FNDA:0,(anonymous_3)
FNDA:0,(anonymous_4)
FNDA:0,(anonymous_5)
FNDA:0,(anonymous_6)
FNDA:0,(anonymous_7)
FNDA:0,(anonymous_8)
FNDA:0,(anonymous_9)
FNDA:0,(anonymous_10)
FNDA:0,(anonymous_11)
FNDA:0,(anonymous_12)
FNDA:0,(anonymous_13)
FNDA:0,(anonymous_14)
FNDA:0,(anonymous_15)
FNDA:0,(anonymous_16)
DA:20,0
DA:22,0
DA:29,0
DA:30,0
DA:31,0
DA:33,0
DA:39,0
DA:42,0
DA:43,0
DA:44,0
DA:47,0
DA:48,0
DA:49,0
DA:52,0
DA:53,0
DA:54,0
DA:57,0
DA:58,0
DA:59,0
DA:62,0
DA:63,0
DA:64,0
DA:67,0
DA:68,0
DA:71,0
DA:74,0
DA:75,0
DA:76,0
DA:79,0
DA:83,0
DA:87,0
DA:90,0
DA:94,0
DA:98,0
DA:101,0
DA:102,0
DA:105,0
DA:108,0
DA:112,0
DA:116,0
DA:119,0
DA:123,0
DA:130,0
DA:133,0
DA:134,0
DA:135,0
DA:138,0
DA:139,0
DA:140,0
DA:143,0
DA:147,0
DA:151,0
DA:154,0
DA:158,0
DA:162,0
LF:55
LH:0
BRDA:20,0,0,0
BRDA:20,0,1,0
BRF:2
BRH:0
end_of_record
TN:
SF:src/types/api.ts
FNF:0
FNH:0
LF:0
LH:0
BRF:0
BRH:0
end_of_record
